<?xml version="1.0" encoding="UTF-8"?>
<testsuite xmlns:xsi="http://www.w3.org/2001/XMLSchema-instance" xsi:noNamespaceSchemaLocation="https://maven.apache.org/surefire/maven-surefire-plugin/xsd/surefire-test-report.xsd" name="MainTest" time="0.034" tests="6" errors="0" skipped="0" failures="0">
  <properties>
[...]
</properties>
  <testcase name="testValidInputStatement" classname="MainTest" time="0.018"/>
  <testcase name="testConvertInputFromStringToDouble" classname="MainTest" time="0.002"/>
  <testcase name="testPerformOperation" classname="MainTest" time="0.002"/>
  <testcase name="testToMixedFraction" classname="MainTest" time="0.001"/>
  <testcase name="testConvertFractionToDecimal" classname="MainTest" time="0.001"/>
  <testcase name="testConvertDecimalToFraction" classname="MainTest" time="0.001"/>
</testsuite>